<?xml version="1.0" encoding="UTF-8"?>
<!-- Generated by org.testng.reporters.JUnitReportReporter -->
<testsuite hostname="Thoushika" failures="0" tests="1" name="com.runner.runnerfile" time="12.067" errors="0" timestamp="2025-04-03T21:59:31 IST" skipped="0">
  <testcase classname="com.runner.runnerfile" name="runScenario" time="12.067"/>
</testsuite> <!-- com.runner.runnerfile -->
